[2022-06-07 14:29:34,366] {taskinstance.py:1159} INFO - Dependencies all met for <TaskInstance: ffb_gcp_dag.email_result_csv manual__2022-06-07T21:29:16.184894+00:00 [queued]>
[2022-06-07 14:29:34,368] {taskinstance.py:1159} INFO - Dependencies all met for <TaskInstance: ffb_gcp_dag.email_result_csv manual__2022-06-07T21:29:16.184894+00:00 [queued]>
[2022-06-07 14:29:34,368] {taskinstance.py:1356} INFO - 
--------------------------------------------------------------------------------
[2022-06-07 14:29:34,368] {taskinstance.py:1357} INFO - Starting attempt 1 of 1
[2022-06-07 14:29:34,368] {taskinstance.py:1358} INFO - 
--------------------------------------------------------------------------------
[2022-06-07 14:29:34,372] {taskinstance.py:1377} INFO - Executing <Task(EmailOperator): email_result_csv> on 2022-06-07 21:29:16.184894+00:00
[2022-06-07 14:29:34,373] {standard_task_runner.py:52} INFO - Started process 48152 to run task
[2022-06-07 14:29:34,376] {standard_task_runner.py:79} INFO - Running: ['airflow', 'tasks', 'run', 'ffb_gcp_dag', 'email_result_csv', 'manual__2022-06-07T21:29:16.184894+00:00', '--job-id', '22', '--raw', '--subdir', 'DAGS_FOLDER/ffb_gcp_dag.py', '--cfg-path', '/var/folders/vv/c6m_j9411rz23wsgq67kbmxm0000gn/T/tmpbum_4q1n', '--error-file', '/var/folders/vv/c6m_j9411rz23wsgq67kbmxm0000gn/T/tmprf9h0gy0']
[2022-06-07 14:29:34,376] {standard_task_runner.py:80} INFO - Job 22: Subtask email_result_csv
[2022-06-07 14:29:34,390] {task_command.py:370} INFO - Running <TaskInstance: ffb_gcp_dag.email_result_csv manual__2022-06-07T21:29:16.184894+00:00 [running]> on host Mikes-MacBook-Air.local
[2022-06-07 14:29:34,406] {taskinstance.py:1569} INFO - Exporting the following env vars:
AIRFLOW_CTX_DAG_EMAIL=mimoyer21@gmail.com
AIRFLOW_CTX_DAG_OWNER=mmoyer
AIRFLOW_CTX_DAG_ID=ffb_gcp_dag
AIRFLOW_CTX_TASK_ID=email_result_csv
AIRFLOW_CTX_EXECUTION_DATE=2022-06-07T21:29:16.184894+00:00
AIRFLOW_CTX_TRY_NUMBER=1
AIRFLOW_CTX_DAG_RUN_ID=manual__2022-06-07T21:29:16.184894+00:00
[2022-06-07 14:29:34,411] {logging_mixin.py:115} WARNING - /Users/mmoyer/airflow_workspace/airflow_env/lib/python3.9/site-packages/airflow/utils/email.py:119 PendingDeprecationWarning: Fetching SMTP credentials from configuration variables will be deprecated in a future release. Please set credentials using a connection instead.
[2022-06-07 14:29:34,411] {email.py:228} INFO - Email alerting: attempt 1
[2022-06-07 14:29:34,925] {email.py:240} INFO - Sent an alert email to ['mimoyer21@gmail.com']
[2022-06-07 14:29:35,990] {taskinstance.py:1395} INFO - Marking task as SUCCESS. dag_id=ffb_gcp_dag, task_id=email_result_csv, execution_date=20220607T212916, start_date=20220607T212934, end_date=20220607T212935
[2022-06-07 14:29:36,025] {local_task_job.py:156} INFO - Task exited with return code 0
[2022-06-07 14:29:36,048] {local_task_job.py:273} INFO - 1 downstream tasks scheduled from follow-on schedule check
