[2022-06-07 13:51:03,832] {taskinstance.py:1159} INFO - Dependencies all met for <TaskInstance: ffb_gcp_dag.run_python_script manual__2022-06-07T20:51:00.352140+00:00 [queued]>
[2022-06-07 13:51:03,834] {taskinstance.py:1159} INFO - Dependencies all met for <TaskInstance: ffb_gcp_dag.run_python_script manual__2022-06-07T20:51:00.352140+00:00 [queued]>
[2022-06-07 13:51:03,834] {taskinstance.py:1356} INFO - 
--------------------------------------------------------------------------------
[2022-06-07 13:51:03,834] {taskinstance.py:1357} INFO - Starting attempt 1 of 1
[2022-06-07 13:51:03,834] {taskinstance.py:1358} INFO - 
--------------------------------------------------------------------------------
[2022-06-07 13:51:03,840] {taskinstance.py:1377} INFO - Executing <Task(BashOperator): run_python_script> on 2022-06-07 20:51:00.352140+00:00
[2022-06-07 13:51:03,841] {standard_task_runner.py:52} INFO - Started process 46013 to run task
[2022-06-07 13:51:03,844] {standard_task_runner.py:79} INFO - Running: ['airflow', 'tasks', 'run', 'ffb_gcp_dag', 'run_python_script', 'manual__2022-06-07T20:51:00.352140+00:00', '--job-id', '15', '--raw', '--subdir', 'DAGS_FOLDER/ffb_gcp_dag.py', '--cfg-path', '/var/folders/vv/c6m_j9411rz23wsgq67kbmxm0000gn/T/tmpztktnm6o', '--error-file', '/var/folders/vv/c6m_j9411rz23wsgq67kbmxm0000gn/T/tmpxv05m_vc']
[2022-06-07 13:51:03,844] {standard_task_runner.py:80} INFO - Job 15: Subtask run_python_script
[2022-06-07 13:51:03,868] {task_command.py:370} INFO - Running <TaskInstance: ffb_gcp_dag.run_python_script manual__2022-06-07T20:51:00.352140+00:00 [running]> on host 1.0.0.127.in-addr.arpa
[2022-06-07 13:51:03,892] {taskinstance.py:1569} INFO - Exporting the following env vars:
AIRFLOW_CTX_DAG_EMAIL=mimoyer21@gmail.com
AIRFLOW_CTX_DAG_OWNER=mmoyer
AIRFLOW_CTX_DAG_ID=ffb_gcp_dag
AIRFLOW_CTX_TASK_ID=run_python_script
AIRFLOW_CTX_EXECUTION_DATE=2022-06-07T20:51:00.352140+00:00
AIRFLOW_CTX_TRY_NUMBER=1
AIRFLOW_CTX_DAG_RUN_ID=manual__2022-06-07T20:51:00.352140+00:00
[2022-06-07 13:51:03,893] {subprocess.py:62} INFO - Tmp dir root location: 
 /var/folders/vv/c6m_j9411rz23wsgq67kbmxm0000gn/T
[2022-06-07 13:51:03,893] {subprocess.py:74} INFO - Running command: ['bash', '-c', 'python /Users/mmoyer/airflow_workspace/airflow/src/ffb_gcp.py /Users/mmoyer/airflow_workspace/airflow']
[2022-06-07 13:51:03,897] {subprocess.py:85} INFO - Output:
[2022-06-07 13:51:16,461] {subprocess.py:92} INFO - Starting...
[2022-06-07 13:51:16,463] {subprocess.py:92} INFO - Loading data for 2008...
[2022-06-07 13:51:16,464] {subprocess.py:92} INFO - Loading data for 2009...
[2022-06-07 13:51:16,465] {subprocess.py:92} INFO - Loading data for 2010...
[2022-06-07 13:51:16,466] {subprocess.py:92} INFO - Loading data for 2011...
[2022-06-07 13:51:16,467] {subprocess.py:92} INFO - Loading data for 2012...
[2022-06-07 13:51:16,468] {subprocess.py:92} INFO - Loading data for 2013...
[2022-06-07 13:51:16,468] {subprocess.py:92} INFO - Loading data for 2014...
[2022-06-07 13:51:16,469] {subprocess.py:92} INFO - Loading data for 2015...
[2022-06-07 13:51:16,470] {subprocess.py:92} INFO - Loading data for 2016...
[2022-06-07 13:51:16,471] {subprocess.py:92} INFO - Loading data for 2017...
[2022-06-07 13:51:16,472] {subprocess.py:92} INFO - Loading data for 2018...
[2022-06-07 13:51:16,473] {subprocess.py:92} INFO - Local file complete
[2022-06-07 13:51:16,473] {subprocess.py:92} INFO - File /Users/mmoyer/airflow_workspace/airflow/output_files/JKL_historical.csv uploaded as JKL_historical.csv in bucket fantasy-fb-bucket.
[2022-06-07 13:51:16,474] {subprocess.py:92} INFO - Loaded 110 rows into table jkl_records.jkl_standings_yearly.
[2022-06-07 13:51:16,557] {subprocess.py:96} INFO - Command exited with return code 0
[2022-06-07 13:51:16,565] {taskinstance.py:1395} INFO - Marking task as SUCCESS. dag_id=ffb_gcp_dag, task_id=run_python_script, execution_date=20220607T205100, start_date=20220607T205103, end_date=20220607T205116
[2022-06-07 13:51:16,570] {local_task_job.py:156} INFO - Task exited with return code 0
[2022-06-07 13:51:16,579] {local_task_job.py:273} INFO - 1 downstream tasks scheduled from follow-on schedule check
